setting 'ivy.default.settings.dir' to 'jar:file:/C:/Users/luuki/AppData/Roaming/JetBrains/IdeaIC2020.1/plugins/Scala/launcher/sbt-launch.jar!/org/apache/ivy/core/settings'
setting 'ivy.basedir' to 'C:\Users\luuki\IdeaProjects\untitled1\.'
setting 'ivy.default.conf.dir' to 'jar:file:/C:/Users/luuki/AppData/Roaming/JetBrains/IdeaIC2020.1/plugins/Scala/launcher/sbt-launch.jar!/org/apache/ivy/core/settings'
impossible to define new type: class not found: org.apache.ivy.plugins.resolver.VfsResolver in [] nor Ivy classloader
impossible to define new type: class not found: org.apache.ivy.plugins.trigger.LogTrigger in [] nor Ivy classloader
impossible to define new type: class not found: org.apache.ivy.plugins.resolver.MirroredURLResolver in [] nor Ivy classloader
impossible to define new type: class not found: org.apache.ivy.plugins.resolver.SshResolver in [] nor Ivy classloader
impossible to define new type: class not found: org.apache.ivy.plugins.resolver.DualResolver in [] nor Ivy classloader
impossible to define new type: class not found: org.apache.ivy.plugins.resolver.IvyRepResolver in [] nor Ivy classloader
impossible to define new type: class not found: org.apache.ivy.plugins.signer.bouncycastle.OpenPGPSignatureGenerator in [] nor Ivy classloader
impossible to define new type: class not found: org.apache.ivy.plugins.resolver.JarResolver in [] nor Ivy classloader
impossible to define new type: class not found: org.apache.ivy.ant.AntCallTrigger in [] nor Ivy classloader
impossible to define new type: class not found: org.apache.ivy.ant.AntBuildTrigger in [] nor Ivy classloader
impossible to define new type: class not found: org.apache.ivy.plugins.version.PatternVersionMatcher in [] nor Ivy classloader
impossible to define new type: class not found: org.apache.ivy.plugins.resolver.packager.PackagerResolver in [] nor Ivy classloader
impossible to define new type: class not found: org.apache.ivy.plugins.resolver.VsftpResolver in [] nor Ivy classloader
impossible to define new type: class not found: org.apache.ivy.plugins.conflict.RegexpConflictManager in [] nor Ivy classloader
impossible to define new type: class not found: org.apache.ivy.plugins.resolver.SFTPResolver in [] nor Ivy classloader
impossible to define new type: class not found: org.apache.ivy.osgi.updatesite.UpdateSiteResolver in [] nor Ivy classloader
impossible to define new type: class not found: org.apache.ivy.osgi.obr.OBRResolver in [] nor Ivy classloader
impossible to define glob matcher: org.apache.ivy.plugins.matcher.GlobPatternMatcher was not found.
setting 'awt.toolkit' to 'sun.awt.windows.WToolkit'
setting 'java.specification.version' to '10'
setting 'sun.cpu.isalist' to 'amd64'
setting 'sun.jnu.encoding' to 'Cp1252'
setting 'sun.arch.data.model' to '64'
setting 'sbt.supershell' to 'false'
setting 'java.vendor.url' to 'http://java.oracle.com/'
setting 'sun.boot.library.path' to 'C:\Program Files\Java\jdk-10.0.2\bin'
setting 'sun.java.command' to 'C:\Users\luuki\AppData\Roaming\JetBrains\IdeaIC2020.1\plugins\Scala\launcher\sbt-launch.jar early(addPluginSbtFile="""C:\Users\luuki\AppData\Local\Temp\idea.sbt""") ; set ideaPort in Global := 57231 ; idea-shell'
setting 'jdk.debug' to 'release'
setting 'sun.stderr.encoding' to 'cp437'
setting 'java.specification.vendor' to 'Oracle Corporation'
setting 'java.version.date' to '2018-07-17'
setting 'java.home' to 'C:\Program Files\Java\jdk-10.0.2'
setting 'file.separator' to '\'
setting 'java.vm.compressedOopsMode' to '32-bit'
setting 'line.separator' to '
'
setting 'sun.stdout.encoding' to 'cp437'
setting 'java.specification.name' to 'Java Platform API Specification'
setting 'java.vm.specification.vendor' to 'Oracle Corporation'
setting 'user.script' to ''
setting 'sun.management.compiler' to 'HotSpot 64-Bit Tiered Compilers'
setting 'java.runtime.version' to '10.0.2+13'
setting 'user.name' to 'luuki'
setting 'file.encoding' to 'UTF-8'
setting 'java.vendor.version' to '18.3'
setting 'java.io.tmpdir' to 'C:\Users\luuki\AppData\Local\Temp\'
setting 'java.version' to '10.0.2'
setting 'java.vm.specification.name' to 'Java Virtual Machine Specification'
setting 'java.awt.printerjob' to 'sun.awt.windows.WPrinterJob'
setting 'sun.os.patch.level' to ''
setting 'java.library.path' to 'C:\Program Files\Java\jdk-10.0.2\bin;C:\WINDOWS\Sun\Java\bin;C:\WINDOWS\system32;C:\WINDOWS;C:\Program Files\ImageMagick-7.0.8-Q16;H:\app\luuki\product\11.2.0\client_1;C:\ProgramData\DockerDesktop\version-bin;C:\Program Files\Docker\Docker\Resources\bin;C:\Program Files\Java1\jdk-10.0.2\bin;C:\Program Files\TortoiseGit\bin;C:\Program Files\Git\cmd;C:\Program Files\Java\jdk1.8.0_181\bin;C:\WINDOWS\system32;C:\WINDOWS;C:\WINDOWS\System32\Wbem;C:\WINDOWS\System32\WindowsPowerShell\v1.0\;C:\WINDOWS\System32\OpenSSH\;C:\Program Files\PowerShell\6\;C:\Program Files\Microsoft VS Code\bin;C:\Program Files (x86)\Graphviz2.38\bin\dot.exe;C:\Program Files\Intel\WiFi\bin\;C:\Program Files\Common Files\Intel\WirelessCommon\;C:\Program Files\Microsoft SQL Server\Client SDK\ODBC\130\Tools\Binn\;C:\Program Files (x86)\Microsoft SQL Server\140\Tools\Binn\;C:\Program Files\Microsoft SQL Server\140\Tools\Binn\;C:\Program Files\Microsoft SQL Server\140\DTS\Binn\;C:\Program Files\Git LFS;C:\Users\luuki\AppData\Local\Microsoft\WindowsApps;C:\Users\luuki\AppData\Local\atom\bin;C:\Users\luuki\AppData\Local\Microsoft\WindowsApps;C:\Program Files (x86)\Graphviz2.38\bin;C:\Program Files\JetBrains\IntelliJ IDEA 2018.3.3\bin;C:\Users\luuki\AppData\Local\GitHubDesktop\bin;C:\Program Files\JetBrains\PyCharm Community Edition 2019.2.3\bin;;.'
setting 'java.vendor' to 'Oracle Corporation'
setting 'sun.io.unicode.encoding' to 'UnicodeLittle'
setting 'sun.desktop' to 'windows'
setting 'file.encoding.pkg' to 'sun.io'
setting 'java.class.path' to 'C:\Users\luuki\AppData\Roaming\JetBrains\IdeaIC2020.1\plugins\Scala\launcher\sbt-launch.jar'
setting 'java.vm.vendor' to '"Oracle Corporation"'
setting 'user.variant' to ''
setting 'jline.shutdownhook' to 'false'
setting 'user.timezone' to 'America/New_York'
setting 'os.name' to 'Windows 10'
setting 'java.vm.specification.version' to '10'
setting 'sun.java.launcher' to 'SUN_STANDARD'
setting 'user.country' to 'US'
setting 'sun.cpu.endian' to 'little'
setting 'user.home' to 'C:\Users\luuki'
setting 'user.language' to 'en'
setting 'java.awt.graphicsenv' to 'sun.awt.Win32GraphicsEnvironment'
setting 'jline.esc.timeout' to '0'
setting 'path.separator' to ';'
setting 'os.version' to '10.0'
setting 'java.runtime.name' to 'Java(TM) SE Runtime Environment'
setting 'sbt.log.noformat' to 'true'
setting 'java.vm.name' to 'Java HotSpot(TM) 64-Bit Server VM'
setting 'java.vendor.url.bug' to 'http://bugreport.java.com/bugreport/'
setting 'user.dir' to 'C:\Users\luuki\IdeaProjects\untitled1'
setting 'os.arch' to 'amd64'
setting 'idea.managed' to 'true'
setting 'java.vm.info' to 'mixed mode'
setting 'java.vm.version' to '10.0.2+13'
setting 'java.class.version' to '54.0'
setting 'ivy.default.ivy.user.dir' to 'C:\Users\luuki\.ivy2'
setting 'ivy.home' to 'C:\Users\luuki\.ivy2'
setting 'ivy.cache.dir' to 'C:\Users\luuki\.ivy2\cache'
no default cache defined: set to C:\Users\luuki\.ivy2\cache
setting 'ivy.checksums' to 'sha1,md5'
setting 'ivy.basedir' to 'C:\Users\luuki\.sbt\boot'
setting 'basedir' to 'C:\Users\luuki\.sbt\boot'
setting 'scala' to '2.12.10'
:: resolving dependencies :: org.scala-sbt#boot-scala;1.0
	confs: [default]
	validate = true
	refresh = false
resolving dependencies for configuration 'default'
== resolving dependencies for org.scala-sbt#boot-scala;1.0 [default]
loadData of org.scala-sbt#boot-scala;1.0 of rootConf=default
== resolving dependencies org.scala-sbt#boot-scala;1.0->org.scala-lang#scala-compiler;2.12.10 [default->default]
loadData of org.scala-lang#scala-compiler;2.12.10 of rootConf=default
	using redefined-public to resolve org.scala-lang#scala-compiler;2.12.10
redefined-public: Checking cache for: dependency: org.scala-lang#scala-compiler;2.12.10 {default=[default, optional(default)]}
redefined-public: no namespace defined: using system
No entry is found in the ModuleDescriptorCache : C:\Users\luuki\.ivy2\cache\org.scala-lang\scala-compiler\ivy-2.12.10.xml
post 1.3 ivy file: using exact as default matcher
	found ivy file in cache for org.scala-lang#scala-compiler;2.12.10 (resolved by redefined-public): C:\Users\luuki\.ivy2\cache\org.scala-lang\scala-compiler\ivy-2.12.10.xml
redefined-public: module revision found in cache: org.scala-lang#scala-compiler;2.12.10
redefined-public: no latest strategy defined: using default
	found org.scala-lang#scala-compiler;2.12.10 in redefined-public
== resolving dependencies org.scala-sbt#boot-scala;1.0->org.scala-lang#scala-compiler;2.12.10 [default->runtime]
loadData of org.scala-lang#scala-compiler;2.12.10 of rootConf=default
== resolving dependencies org.scala-sbt#boot-scala;1.0->org.scala-lang#scala-compiler;2.12.10 [default->compile]
loadData of org.scala-lang#scala-compiler;2.12.10 of rootConf=default
== resolving dependencies org.scala-lang#scala-compiler;2.12.10->org.scala-lang#scala-library;2.12.10 [compile->master(*)]
loadData of org.scala-lang#scala-library;2.12.10 of rootConf=default
	using redefined-public to resolve org.scala-lang#scala-library;2.12.10
redefined-public: Checking cache for: dependency: org.scala-lang#scala-library;2.12.10 {compile=[compile(*), master(*)], runtime=[runtime(*)]}
No entry is found in the ModuleDescriptorCache : C:\Users\luuki\.ivy2\cache\org.scala-lang\scala-library\ivy-2.12.10.xml
post 1.3 ivy file: using exact as default matcher
	found ivy file in cache for org.scala-lang#scala-library;2.12.10 (resolved by redefined-public): C:\Users\luuki\.ivy2\cache\org.scala-lang\scala-library\ivy-2.12.10.xml
redefined-public: module revision found in cache: org.scala-lang#scala-library;2.12.10
	found org.scala-lang#scala-library;2.12.10 in redefined-public
== resolving dependencies org.scala-lang#scala-compiler;2.12.10->org.scala-lang#scala-library;2.12.10 [compile->compile(*)]
loadData of org.scala-lang#scala-library;2.12.10 of rootConf=default
== resolving dependencies org.scala-lang#scala-compiler;2.12.10->org.scala-lang#scala-library;2.12.10 [compile->default]
loadData of org.scala-lang#scala-library;2.12.10 of rootConf=default
== resolving dependencies org.scala-lang#scala-compiler;2.12.10->org.scala-lang#scala-library;2.12.10 [compile->runtime]
loadData of org.scala-lang#scala-library;2.12.10 of rootConf=default
== resolving dependencies org.scala-lang#scala-compiler;2.12.10->org.scala-lang#scala-library;2.12.10 [compile->compile]
loadData of org.scala-lang#scala-library;2.12.10 of rootConf=default
== resolving dependencies org.scala-lang#scala-compiler;2.12.10->org.scala-lang#scala-library;2.12.10 [compile->master]
loadData of org.scala-lang#scala-library;2.12.10 of rootConf=default
== resolving dependencies org.scala-lang#scala-compiler;2.12.10->org.scala-lang#scala-library;2.12.10 [compile->runtime(*)]
loadData of org.scala-lang#scala-library;2.12.10 of rootConf=default
== resolving dependencies org.scala-lang#scala-compiler;2.12.10->org.scala-lang#scala-library;2.12.10 [compile->compile]
loadData of org.scala-lang#scala-library;2.12.10 of rootConf=default
default is loaded and no conf to load.  Skip loading
== resolving dependencies org.scala-lang#scala-compiler;2.12.10->org.scala-lang#scala-reflect;2.12.10 [compile->master(*)]
loadData of org.scala-lang#scala-reflect;2.12.10 of rootConf=default
	using redefined-public to resolve org.scala-lang#scala-reflect;2.12.10
redefined-public: Checking cache for: dependency: org.scala-lang#scala-reflect;2.12.10 {compile=[compile(*), master(*)], runtime=[runtime(*)]}
No entry is found in the ModuleDescriptorCache : C:\Users\luuki\.ivy2\cache\org.scala-lang\scala-reflect\ivy-2.12.10.xml
post 1.3 ivy file: using exact as default matcher
	found ivy file in cache for org.scala-lang#scala-reflect;2.12.10 (resolved by redefined-public): C:\Users\luuki\.ivy2\cache\org.scala-lang\scala-reflect\ivy-2.12.10.xml
redefined-public: module revision found in cache: org.scala-lang#scala-reflect;2.12.10
	found org.scala-lang#scala-reflect;2.12.10 in redefined-public
== resolving dependencies org.scala-lang#scala-compiler;2.12.10->org.scala-lang#scala-reflect;2.12.10 [compile->compile(*)]
loadData of org.scala-lang#scala-reflect;2.12.10 of rootConf=default
== resolving dependencies org.scala-lang#scala-reflect;2.12.10->org.scala-lang#scala-library;2.12.10 [compile->master(*)]
loadData of org.scala-lang#scala-library;2.12.10 of rootConf=default
default is loaded and no conf to load.  Skip loading
== resolving dependencies org.scala-lang#scala-reflect;2.12.10->org.scala-lang#scala-library;2.12.10 [compile->compile(*)]
loadData of org.scala-lang#scala-library;2.12.10 of rootConf=default
default is loaded and no conf to load.  Skip loading
== resolving dependencies org.scala-lang#scala-compiler;2.12.10->org.scala-lang#scala-reflect;2.12.10 [compile->runtime(*)]
loadData of org.scala-lang#scala-reflect;2.12.10 of rootConf=default
== resolving dependencies org.scala-lang#scala-compiler;2.12.10->org.scala-lang#scala-reflect;2.12.10 [compile->compile]
loadData of org.scala-lang#scala-reflect;2.12.10 of rootConf=default
== resolving dependencies org.scala-lang#scala-reflect;2.12.10->org.scala-lang#scala-library;2.12.10 [runtime->runtime(*)]
loadData of org.scala-lang#scala-library;2.12.10 of rootConf=default
default is loaded and no conf to load.  Skip loading
== resolving dependencies org.scala-lang#scala-reflect;2.12.10->org.scala-lang#scala-library;2.12.10 [runtime->compile]
loadData of org.scala-lang#scala-library;2.12.10 of rootConf=default
default is loaded and no conf to load.  Skip loading
== resolving dependencies org.scala-lang#scala-compiler;2.12.10->org.scala-lang.modules#scala-xml_2.12;1.0.6 [compile->master(*)]
loadData of org.scala-lang.modules#scala-xml_2.12;1.0.6 of rootConf=default
	using redefined-public to resolve org.scala-lang.modules#scala-xml_2.12;1.0.6
redefined-public: Checking cache for: dependency: org.scala-lang.modules#scala-xml_2.12;1.0.6 {compile=[compile(*), master(*)], runtime=[runtime(*)]}
No entry is found in the ModuleDescriptorCache : C:\Users\luuki\.ivy2\cache\org.scala-lang.modules\scala-xml_2.12\ivy-1.0.6.xml
post 1.3 ivy file: using exact as default matcher
	resolver not found: null => trying to use the one configured for org.scala-lang.modules#scala-xml_2.12;1.0.6
	configured resolver found for org.scala-lang.modules#scala-xml_2.12;1.0.6: redefined-public: saving this data
	found ivy file in cache for org.scala-lang.modules#scala-xml_2.12;1.0.6 (resolved by redefined-public): C:\Users\luuki\.ivy2\cache\org.scala-lang.modules\scala-xml_2.12\ivy-1.0.6.xml
redefined-public: module revision found in cache: org.scala-lang.modules#scala-xml_2.12;1.0.6
	found org.scala-lang.modules#scala-xml_2.12;1.0.6 in redefined-public
== resolving dependencies org.scala-lang#scala-compiler;2.12.10->org.scala-lang.modules#scala-xml_2.12;1.0.6 [compile->compile(*)]
loadData of org.scala-lang.modules#scala-xml_2.12;1.0.6 of rootConf=default
== resolving dependencies org.scala-lang.modules#scala-xml_2.12;1.0.6->org.scala-lang#scala-library;2.12.0 [compile->master(*)]
loadData of org.scala-lang#scala-library;2.12.0 of rootConf=default
default is evicted.  Skip loading
== resolving dependencies org.scala-lang.modules#scala-xml_2.12;1.0.6->org.scala-lang#scala-library;2.12.10 [compile->master(*)]
loadData of org.scala-lang#scala-library;2.12.10 of rootConf=default
default is loaded and no conf to load.  Skip loading
== resolving dependencies org.scala-lang.modules#scala-xml_2.12;1.0.6->org.scala-lang#scala-library;2.12.0 [compile->compile(*)]
loadData of org.scala-lang#scala-library;2.12.0 of rootConf=default
default is evicted.  Skip loading
== resolving dependencies org.scala-lang.modules#scala-xml_2.12;1.0.6->org.scala-lang#scala-library;2.12.10 [compile->compile(*)]
loadData of org.scala-lang#scala-library;2.12.10 of rootConf=default
default is loaded and no conf to load.  Skip loading
== resolving dependencies org.scala-lang#scala-compiler;2.12.10->org.scala-lang.modules#scala-xml_2.12;1.0.6 [compile->runtime(*)]
loadData of org.scala-lang.modules#scala-xml_2.12;1.0.6 of rootConf=default
== resolving dependencies org.scala-lang#scala-compiler;2.12.10->org.scala-lang.modules#scala-xml_2.12;1.0.6 [compile->compile]
loadData of org.scala-lang.modules#scala-xml_2.12;1.0.6 of rootConf=default
== resolving dependencies org.scala-lang.modules#scala-xml_2.12;1.0.6->org.scala-lang#scala-library;2.12.0 [runtime->runtime(*)]
loadData of org.scala-lang#scala-library;2.12.0 of rootConf=default
default is evicted.  Skip loading
== resolving dependencies org.scala-lang.modules#scala-xml_2.12;1.0.6->org.scala-lang#scala-library;2.12.10 [runtime->runtime(*)]
loadData of org.scala-lang#scala-library;2.12.10 of rootConf=default
default is loaded and no conf to load.  Skip loading
== resolving dependencies org.scala-lang.modules#scala-xml_2.12;1.0.6->org.scala-lang#scala-library;2.12.10 [runtime->compile]
loadData of org.scala-lang#scala-library;2.12.10 of rootConf=default
default is loaded and no conf to load.  Skip loading
== resolving dependencies org.scala-lang#scala-compiler;2.12.10->org.scala-lang#scala-library;2.12.10 [runtime->runtime(*)]
loadData of org.scala-lang#scala-library;2.12.10 of rootConf=default
default is loaded and no conf to load.  Skip loading
== resolving dependencies org.scala-lang#scala-compiler;2.12.10->org.scala-lang#scala-library;2.12.10 [runtime->compile]
loadData of org.scala-lang#scala-library;2.12.10 of rootConf=default
default is loaded and no conf to load.  Skip loading
== resolving dependencies org.scala-lang#scala-compiler;2.12.10->org.scala-lang#scala-reflect;2.12.10 [runtime->runtime(*)]
loadData of org.scala-lang#scala-reflect;2.12.10 of rootConf=default
default is loaded and no conf to load.  Skip loading
== resolving dependencies org.scala-lang#scala-compiler;2.12.10->org.scala-lang#scala-reflect;2.12.10 [runtime->compile]
loadData of org.scala-lang#scala-reflect;2.12.10 of rootConf=default
default is loaded and no conf to load.  Skip loading
== resolving dependencies org.scala-lang#scala-compiler;2.12.10->org.scala-lang.modules#scala-xml_2.12;1.0.6 [runtime->runtime(*)]
loadData of org.scala-lang.modules#scala-xml_2.12;1.0.6 of rootConf=default
default is loaded and no conf to load.  Skip loading
== resolving dependencies org.scala-lang#scala-compiler;2.12.10->org.scala-lang.modules#scala-xml_2.12;1.0.6 [runtime->compile]
loadData of org.scala-lang.modules#scala-xml_2.12;1.0.6 of rootConf=default
default is loaded and no conf to load.  Skip loading
== resolving dependencies org.scala-sbt#boot-scala;1.0->org.scala-lang#scala-compiler;2.12.10 [default->master]
loadData of org.scala-lang#scala-compiler;2.12.10 of rootConf=default
== resolving dependencies org.scala-sbt#boot-scala;1.0->org.scala-lang#scala-compiler;2.12.10 [default->optional(default)]
loadData of org.scala-lang#scala-compiler;2.12.10 of rootConf=default
== resolving dependencies org.scala-lang#scala-compiler;2.12.10->jline#jline;2.14.6 [optional->master(*)]
loadData of jline#jline;2.14.6 of rootConf=default
	using redefined-public to resolve jline#jline;2.14.6
redefined-public: Checking cache for: dependency: jline#jline;2.14.6 {optional=[compile(*), master(*)]}
No entry is found in the ModuleDescriptorCache : C:\Users\luuki\.ivy2\cache\jline\jline\ivy-2.14.6.xml
post 1.3 ivy file: using exact as default matcher
	found ivy file in cache for jline#jline;2.14.6 (resolved by redefined-public): C:\Users\luuki\.ivy2\cache\jline\jline\ivy-2.14.6.xml
redefined-public: module revision found in cache: jline#jline;2.14.6
	found jline#jline;2.14.6 in redefined-public
== resolving dependencies org.scala-lang#scala-compiler;2.12.10->jline#jline;2.14.6 [optional->compile(*)]
loadData of jline#jline;2.14.6 of rootConf=default
== resolving dependencies org.scala-lang#scala-compiler;2.12.10->org.fusesource.jansi#jansi;1.12 [optional->master(*)]
loadData of org.fusesource.jansi#jansi;1.12 of rootConf=default
	using redefined-public to resolve org.fusesource.jansi#jansi;1.12
redefined-public: Checking cache for: dependency: org.fusesource.jansi#jansi;1.12 {optional=[compile(*), master(*)]}
No entry is found in the ModuleDescriptorCache : C:\Users\luuki\.ivy2\cache\org.fusesource.jansi\jansi\ivy-1.12.xml
post 1.3 ivy file: using exact as default matcher
	resolver not found: null => trying to use the one configured for org.fusesource.jansi#jansi;1.12
	configured resolver found for org.fusesource.jansi#jansi;1.12: redefined-public: saving this data
	found ivy file in cache for org.fusesource.jansi#jansi;1.12 (resolved by redefined-public): C:\Users\luuki\.ivy2\cache\org.fusesource.jansi\jansi\ivy-1.12.xml
redefined-public: module revision found in cache: org.fusesource.jansi#jansi;1.12
	found org.fusesource.jansi#jansi;1.12 in redefined-public
== resolving dependencies org.scala-lang#scala-compiler;2.12.10->org.fusesource.jansi#jansi;1.12 [optional->compile(*)]
loadData of org.fusesource.jansi#jansi;1.12 of rootConf=default
== resolving dependencies org.scala-sbt#boot-scala;1.0->org.scala-lang#scala-library;2.12.10 [default->default]
loadData of org.scala-lang#scala-library;2.12.10 of rootConf=default
default is loaded and no conf to load.  Skip loading
== resolving dependencies org.scala-sbt#boot-scala;1.0->org.scala-lang#scala-library;2.12.10 [default->runtime]
loadData of org.scala-lang#scala-library;2.12.10 of rootConf=default
default is loaded and no conf to load.  Skip loading
== resolving dependencies org.scala-sbt#boot-scala;1.0->org.scala-lang#scala-library;2.12.10 [default->compile]
loadData of org.scala-lang#scala-library;2.12.10 of rootConf=default
default is loaded and no conf to load.  Skip loading
== resolving dependencies org.scala-sbt#boot-scala;1.0->org.scala-lang#scala-library;2.12.10 [default->master]
loadData of org.scala-lang#scala-library;2.12.10 of rootConf=default
default is loaded and no conf to load.  Skip loading
Nbr of module to sort : 6
Sort dependencies of : org.scala-lang#scala-compiler;2.12.10 / Number of dependencies = 5
Sort dependencies of : org.scala-lang#scala-library;2.12.10 / Number of dependencies = 0
Sort done for : org.scala-lang#scala-library;2.12.10
Sort dependencies of : org.scala-lang#scala-reflect;2.12.10 / Number of dependencies = 1
Module descriptor is processed : org.scala-lang#scala-library;2.12.10
Sort done for : org.scala-lang#scala-reflect;2.12.10
Sort dependencies of : org.scala-lang.modules#scala-xml_2.12;1.0.6 / Number of dependencies = 4
Non matching revision detected when sorting.  org.scala-lang.modules#scala-xml_2.12 depends on org.scala-lang#scala-compiler;2.12.0, doesn't match org.scala-lang#scala-compiler;2.12.10
Non matching revision detected when sorting.  org.scala-lang.modules#scala-xml_2.12 depends on org.scala-lang#scala-library;2.12.0, doesn't match org.scala-lang#scala-library;2.12.10
Sort done for : org.scala-lang.modules#scala-xml_2.12;1.0.6
Sort dependencies of : jline#jline;2.14.6 / Number of dependencies = 4
Sort done for : jline#jline;2.14.6
Sort dependencies of : org.fusesource.jansi#jansi;1.12 / Number of dependencies = 1
Sort done for : org.fusesource.jansi#jansi;1.12
Sort done for : org.scala-lang#scala-compiler;2.12.10
Module descriptor is processed : org.scala-lang#scala-library;2.12.10
Module descriptor is processed : org.scala-lang#scala-reflect;2.12.10
Module descriptor is processed : org.scala-lang.modules#scala-xml_2.12;1.0.6
Module descriptor is processed : jline#jline;2.14.6
Module descriptor is processed : org.fusesource.jansi#jansi;1.12
storing dependency org.scala-lang#scala-compiler;2.12.10 in props
storing dependency org.scala-lang#scala-library;2.12.10 in props
	resolved ivy file produced in cache
:: downloading artifacts ::
	[NOT REQUIRED] org.scala-lang#scala-compiler;2.12.10!scala-compiler.jar
	[NOT REQUIRED] org.scala-lang#scala-reflect;2.12.10!scala-reflect.jar
	[NOT REQUIRED] org.scala-lang.modules#scala-xml_2.12;1.0.6!scala-xml_2.12.jar(bundle)
	[NOT REQUIRED] jline#jline;2.14.6!jline.jar
	[NOT REQUIRED] org.scala-lang#scala-library;2.12.10!scala-library.jar
	[NOT REQUIRED] org.fusesource.jansi#jansi;1.12!jansi.jar
:: resolution report :: resolve 106ms :: artifacts dl 6ms
Nbr of module to sort : 6
Sort dependencies of : org.scala-lang#scala-compiler;2.12.10 / Number of dependencies = 5
Sort dependencies of : org.scala-lang#scala-library;2.12.10 / Number of dependencies = 0
Sort done for : org.scala-lang#scala-library;2.12.10
Sort dependencies of : org.scala-lang#scala-reflect;2.12.10 / Number of dependencies = 1
Module descriptor is processed : org.scala-lang#scala-library;2.12.10
Sort done for : org.scala-lang#scala-reflect;2.12.10
Sort dependencies of : org.scala-lang.modules#scala-xml_2.12;1.0.6 / Number of dependencies = 4
Non matching revision detected when sorting.  org.scala-lang.modules#scala-xml_2.12 depends on org.scala-lang#scala-compiler;2.12.0, doesn't match org.scala-lang#scala-compiler;2.12.10
Non matching revision detected when sorting.  org.scala-lang.modules#scala-xml_2.12 depends on org.scala-lang#scala-library;2.12.0, doesn't match org.scala-lang#scala-library;2.12.10
Sort done for : org.scala-lang.modules#scala-xml_2.12;1.0.6
Sort dependencies of : jline#jline;2.14.6 / Number of dependencies = 4
Sort done for : jline#jline;2.14.6
Sort dependencies of : org.fusesource.jansi#jansi;1.12 / Number of dependencies = 1
Sort done for : org.fusesource.jansi#jansi;1.12
Sort done for : org.scala-lang#scala-compiler;2.12.10
Module descriptor is processed : org.scala-lang#scala-library;2.12.10
Module descriptor is processed : org.scala-lang#scala-reflect;2.12.10
Module descriptor is processed : org.scala-lang.modules#scala-xml_2.12;1.0.6
Module descriptor is processed : jline#jline;2.14.6
Module descriptor is processed : org.fusesource.jansi#jansi;1.12
	report for org.scala-sbt#boot-scala;1.0 default produced in C:\Users\luuki\.sbt\boot\resolution-cache\org.scala-sbt-boot-scala-default.xml
	resolve done (106ms resolve - 6ms download)
setting 'scala' to '2.12.10'
:: retrieving :: org.scala-sbt#boot-scala
	checkUpToDate=true
post 1.3 ivy file: using exact as default matcher
no explicit confs given for retrieve, using ivy file: file:/C:/Users/luuki/.sbt/boot/resolution-cache/resolved-org.scala-sbt-boot-scala-1.0.xml
	confs: [default]
	retrieving C:\Users\luuki\.ivy2\cache\org.scala-lang\scala-library\jars\scala-library-2.12.10.jar
	retrieving C:\Users\luuki\.ivy2\cache\org.fusesource.jansi\jansi\jars\jansi-1.12.jar
	retrieving C:\Users\luuki\.ivy2\cache\org.scala-lang.modules\scala-xml_2.12\bundles\scala-xml_2.12-1.0.6.jar
	retrieving C:\Users\luuki\.ivy2\cache\org.scala-lang\scala-compiler\jars\scala-compiler-2.12.10.jar
	retrieving C:\Users\luuki\.ivy2\cache\org.scala-lang\scala-reflect\jars\scala-reflect-2.12.10.jar
	retrieving C:\Users\luuki\.ivy2\cache\jline\jline\jars\jline-2.14.6.jar
		to C:\Users\luuki\.sbt\boot\scala-2.12.10\lib\scala-library.jar
		to C:\Users\luuki\.sbt\boot\scala-2.12.10\lib\jansi.jar
		to C:\Users\luuki\.sbt\boot\scala-2.12.10\lib\scala-compiler.jar
		to C:\Users\luuki\.sbt\boot\scala-2.12.10\lib\scala-xml_2.12.jar
		to C:\Users\luuki\.sbt\boot\scala-2.12.10\lib\scala-reflect.jar
		to C:\Users\luuki\.sbt\boot\scala-2.12.10\lib\jline.jar
	6 artifacts copied, 0 already retrieved
	retrieve done (44ms)
